Status 404: Endpoint /v1/direct_v2/threads/pk='18021784352678104' id='340282366841710301244276196801929765080' messages=[DirectMessage(id='32270799680854322865144503231053824', user_id='65940356856', thread_id=340282366841710301244276196801929765080, timestamp=datetime.datetime(2025, 6, 8, 14, 25, 56), item_type='text', is_sent_by_viewer=False, is_shh_mode=False, reactions=None, text='￼￼oi,minha vida', reply=None, link=None, animated_media=None, media=None, visual_media=None, media_share=None, reel_share=None, story_share=None, felix_share=None, xma_share=None, clip=None, placeholder=None, client_context='7337530331035885339')] users=[UserShort(pk='65940356856', username='vitoria.ds0', full_name='vitória✨', profile_pic_url=HttpUrl('https://scontent.cdninstagram.com/v/t51.75761-19/495451317_17895578352196857_5294025445744940383_n.jpg?stp=dst-jpg_s206x206_tt6&_nc_cat=106&ccb=1-7&_nc_sid=bf7eb4&_nc_ohc=4_nNABQJO-8Q7kNvwG6iFyx&_nc_oc=AdnbdUwUxPE7wptZ5lyE4mUKR31kkKu5kM12HbICFLWt6y6gvKgc_5iIIrNq5Sbnw6vp0Juy7mPdd_tfZ5O8_TZl&_nc_ad=z-m&_nc_cid=0&_nc_zt=24&_nc_ht=scontent.cdninstagram.com&_nc_gid=onJoOFIMzdiQyv91_HK0PA&oh=00_AfOQ7N6FGbzkaAlF4cWPQLsNt0I3Q5osYDscPwoOFHnHjQ&oe=684B9FCC'), profile_pic_url_hd=None, is_private=True)] inviter=UserShort(pk='50284678103', username='jorge13.js', full_name='Jorge Guimarães Martins', profile_pic_url=HttpUrl('https://scontent.cdninstagram.com/v/t51.2885-19/480087656_1010235537586871_3433508268323770237_n.jpg?stp=dst-jpg_s206x206_tt6&_nc_cat=102&ccb=1-7&_nc_sid=bf7eb4&_nc_ohc=6HguXmPTPnsQ7kNvwGTbOoL&_nc_oc=Adn_Xnhpbknfi5wVc0JZDzlwBR1HPD86Kh-2pS8D6DjqvrROAZ8aZCjt9t5XdcCh5-lrdXyhbbltqcuRFjjEUutb&_nc_ad=z-m&_nc_cid=0&_nc_zt=24&_nc_ht=scontent.cdninstagram.com&oh=00_AfNX6RLfK5bhSOiUJvegBLQIWDJ-j2AO_KD-4wIlQe3shw&oe=684B9E3C'), profile_pic_url_hd=None, is_private=False) left_users=[] admin_user_ids=[] last_activity_at=datetime.datetime(2025, 6, 8, 14, 25, 56) muted=False is_pin=False named=False canonical=True pending=False archived=False thread_type='private' thread_title='vitória✨' folder=0 vc_muted=False is_group=False mentions_muted=False approval_required_for_new_members=False input_mode=0 business_thread_folder=0 read_state=1 is_close_friend_thread=True assigned_admin_id=0 shh_mode_enabled=False last_seen_at={'50284678103': {'item_id': '32269081978114057512029812718305280', 'timestamp': '1749310439239205', 'created_at': '1749310439239205', 'shh_seen_state': {}}}/ does not exist
Traceback (most recent call last):
  File "/home/joker/Workspace/InstagramAPI/.venv/lib/python3.12/site-packages/instagrapi/mixins/private.py", line 359, in _send_private_request
    response.raise_for_status()
  File "/home/joker/Workspace/InstagramAPI/.venv/lib/python3.12/site-packages/requests/models.py", line 1024, in raise_for_status
    raise HTTPError(http_error_msg, response=self)
requests.exceptions.HTTPError: 404 Client Error: Not Found for url: https://i.instagram.com/api/v1/direct_v2/threads/pk='18021784352678104'%20id='340282366841710301244276196801929765080'%20messages=%5BDirectMessage(id='32270799680854322865144503231053824',%20user_id='65940356856',%20thread_id=340282366841710301244276196801929765080,%20timestamp=datetime.datetime(2025,%206,%208,%2014,%2025,%2056),%20item_type='text',%20is_sent_by_viewer=False,%20is_shh_mode=False,%20reactions=None,%20text='%EF%BF%BC%EF%BF%BCoi,minha%20vida',%20reply=None,%20link=None,%20animated_media=None,%20media=None,%20visual_media=None,%20media_share=None,%20reel_share=None,%20story_share=None,%20felix_share=None,%20xma_share=None,%20clip=None,%20placeholder=None,%20client_context='7337530331035885339')%5D%20users=%5BUserShort(pk='65940356856',%20username='vitoria.ds0',%20full_name='vit%C3%B3ria%E2%9C%A8',%20profile_pic_url=HttpUrl('https://scontent.cdninstagram.com/v/t51.75761-19/495451317_17895578352196857_5294025445744940383_n.jpg?stp=dst-jpg_s206x206_tt6&_nc_cat=106&ccb=1-7&_nc_sid=bf7eb4&_nc_ohc=4_nNABQJO-8Q7kNvwG6iFyx&_nc_oc=AdnbdUwUxPE7wptZ5lyE4mUKR31kkKu5kM12HbICFLWt6y6gvKgc_5iIIrNq5Sbnw6vp0Juy7mPdd_tfZ5O8_TZl&_nc_ad=z-m&_nc_cid=0&_nc_zt=24&_nc_ht=scontent.cdninstagram.com&_nc_gid=onJoOFIMzdiQyv91_HK0PA&oh=00_AfOQ7N6FGbzkaAlF4cWPQLsNt0I3Q5osYDscPwoOFHnHjQ&oe=684B9FCC'),%20profile_pic_url_hd=None,%20is_private=True)%5D%20inviter=UserShort(pk='50284678103',%20username='jorge13.js',%20full_name='Jorge%20Guimar%C3%A3es%20Martins',%20profile_pic_url=HttpUrl('https://scontent.cdninstagram.com/v/t51.2885-19/480087656_1010235537586871_3433508268323770237_n.jpg?stp=dst-jpg_s206x206_tt6&_nc_cat=102&ccb=1-7&_nc_sid=bf7eb4&_nc_ohc=6HguXmPTPnsQ7kNvwGTbOoL&_nc_oc=Adn_Xnhpbknfi5wVc0JZDzlwBR1HPD86Kh-2pS8D6DjqvrROAZ8aZCjt9t5XdcCh5-lrdXyhbbltqcuRFjjEUutb&_nc_ad=z-m&_nc_cid=0&_nc_zt=24&_nc_ht=scontent.cdninstagram.com&oh=00_AfNX6RLfK5bhSOiUJvegBLQIWDJ-j2AO_KD-4wIlQe3shw&oe=684B9E3C'),%20profile_pic_url_hd=None,%20is_private=False)%20left_users=%5B%5D%20admin_user_ids=%5B%5D%20last_activity_at=datetime.datetime(2025,%206,%208,%2014,%2025,%2056)%20muted=False%20is_pin=False%20named=False%20canonical=True%20pending=False%20archived=False%20thread_type='private'%20thread_title='vit%C3%B3ria%E2%9C%A8'%20folder=0%20vc_muted=False%20is_group=False%20mentions_muted=False%20approval_required_for_new_members=False%20input_mode=0%20business_thread_folder=0%20read_state=1%20is_close_friend_thread=True%20assigned_admin_id=0%20shh_mode_enabled=False%20last_seen_at=%7B'50284678103':%20%7B'item_id':%20'32269081978114057512029812718305280',%20'timestamp':%20'1749310439239205',%20'created_at':%20'1749310439239205',%20'shh_seen_state':%20%7B%7D%7D%7D/&visual_message_return_type=unseen&direction=older&seq_id=40065&limit=20

During handling of the above exception, another exception occurred:

Traceback (most recent call last):
  File "/home/joker/Workspace/InstagramAPI/.venv/lib/python3.12/site-packages/instagrapi/mixins/direct.py", line 330, in direct_thread
    result = self.private_request(
             ^^^^^^^^^^^^^^^^^^^^^
  File "/home/joker/Workspace/InstagramAPI/.venv/lib/python3.12/site-packages/instagrapi/mixins/private.py", line 541, in private_request
    raise e
  File "/home/joker/Workspace/InstagramAPI/.venv/lib/python3.12/site-packages/instagrapi/mixins/private.py", line 526, in private_request
    self._send_private_request(endpoint, **kwargs)
  File "/home/joker/Workspace/InstagramAPI/.venv/lib/python3.12/site-packages/instagrapi/mixins/private.py", line 461, in _send_private_request
    raise ClientNotFoundError(e, response=e.response, **last_json)
instagrapi.exceptions.ClientNotFoundError: 404 Client Error: Not Found for url: https://i.instagram.com/api/v1/direct_v2/threads/pk='18021784352678104'%20id='340282366841710301244276196801929765080'%20messages=%5BDirectMessage(id='32270799680854322865144503231053824',%20user_id='65940356856',%20thread_id=340282366841710301244276196801929765080,%20timestamp=datetime.datetime(2025,%206,%208,%2014,%2025,%2056),%20item_type='text',%20is_sent_by_viewer=False,%20is_shh_mode=False,%20reactions=None,%20text='%EF%BF%BC%EF%BF%BCoi,minha%20vida',%20reply=None,%20link=None,%20animated_media=None,%20media=None,%20visual_media=None,%20media_share=None,%20reel_share=None,%20story_share=None,%20felix_share=None,%20xma_share=None,%20clip=None,%20placeholder=None,%20client_context='7337530331035885339')%5D%20users=%5BUserShort(pk='65940356856',%20username='vitoria.ds0',%20full_name='vit%C3%B3ria%E2%9C%A8',%20profile_pic_url=HttpUrl('https://scontent.cdninstagram.com/v/t51.75761-19/495451317_17895578352196857_5294025445744940383_n.jpg?stp=dst-jpg_s206x206_tt6&_nc_cat=106&ccb=1-7&_nc_sid=bf7eb4&_nc_ohc=4_nNABQJO-8Q7kNvwG6iFyx&_nc_oc=AdnbdUwUxPE7wptZ5lyE4mUKR31kkKu5kM12HbICFLWt6y6gvKgc_5iIIrNq5Sbnw6vp0Juy7mPdd_tfZ5O8_TZl&_nc_ad=z-m&_nc_cid=0&_nc_zt=24&_nc_ht=scontent.cdninstagram.com&_nc_gid=onJoOFIMzdiQyv91_HK0PA&oh=00_AfOQ7N6FGbzkaAlF4cWPQLsNt0I3Q5osYDscPwoOFHnHjQ&oe=684B9FCC'),%20profile_pic_url_hd=None,%20is_private=True)%5D%20inviter=UserShort(pk='50284678103',%20username='jorge13.js',%20full_name='Jorge%20Guimar%C3%A3es%20Martins',%20profile_pic_url=HttpUrl('https://scontent.cdninstagram.com/v/t51.2885-19/480087656_1010235537586871_3433508268323770237_n.jpg?stp=dst-jpg_s206x206_tt6&_nc_cat=102&ccb=1-7&_nc_sid=bf7eb4&_nc_ohc=6HguXmPTPnsQ7kNvwGTbOoL&_nc_oc=Adn_Xnhpbknfi5wVc0JZDzlwBR1HPD86Kh-2pS8D6DjqvrROAZ8aZCjt9t5XdcCh5-lrdXyhbbltqcuRFjjEUutb&_nc_ad=z-m&_nc_cid=0&_nc_zt=24&_nc_ht=scontent.cdninstagram.com&oh=00_AfNX6RLfK5bhSOiUJvegBLQIWDJ-j2AO_KD-4wIlQe3shw&oe=684B9E3C'),%20profile_pic_url_hd=None,%20is_private=False)%20left_users=%5B%5D%20admin_user_ids=%5B%5D%20last_activity_at=datetime.datetime(2025,%206,%208,%2014,%2025,%2056)%20muted=False%20is_pin=False%20named=False%20canonical=True%20pending=False%20archived=False%20thread_type='private'%20thread_title='vit%C3%B3ria%E2%9C%A8'%20folder=0%20vc_muted=False%20is_group=False%20mentions_muted=False%20approval_required_for_new_members=False%20input_mode=0%20business_thread_folder=0%20read_state=1%20is_close_friend_thread=True%20assigned_admin_id=0%20shh_mode_enabled=False%20last_seen_at=%7B'50284678103':%20%7B'item_id':%20'32269081978114057512029812718305280',%20'timestamp':%20'1749310439239205',%20'created_at':%20'1749310439239205',%20'shh_seen_state':%20%7B%7D%7D%7D/&visual_message_return_type=unseen&direction=older&seq_id=40065&limit=20

During handling of the above exception, another exception occurred:

Traceback (most recent call last):
  File "/home/joker/Workspace/InstagramAPI/main.py", line 40, in <module>
    messages = client.direct_messages(thread, amount=1) # Mensagens da conversa escolhida
               ^^^^^^^^^^^^^^^^^^^^^^^^^^^^^^^^^^^^^^^^
  File "/home/joker/Workspace/InstagramAPI/.venv/lib/python3.12/site-packages/instagrapi/mixins/direct.py", line 364, in direct_messages
    return self.direct_thread(thread_id, amount).messages
           ^^^^^^^^^^^^^^^^^^^^^^^^^^^^^^^^^^^^^
  File "/home/joker/Workspace/InstagramAPI/.venv/lib/python3.12/site-packages/instagrapi/mixins/direct.py", line 334, in direct_thread
    raise DirectThreadNotFound(e, thread_id=thread_id, **self.last_json)
instagrapi.exceptions.DirectThreadNotFound: 404 Client Error: Not Found for url: https://i.instagram.com/api/v1/direct_v2/threads/pk='18021784352678104'%20id='340282366841710301244276196801929765080'%20messages=%5BDirectMessage(id='32270799680854322865144503231053824',%20user_id='65940356856',%20thread_id=340282366841710301244276196801929765080,%20timestamp=datetime.datetime(2025,%206,%208,%2014,%2025,%2056),%20item_type='text',%20is_sent_by_viewer=False,%20is_shh_mode=False,%20reactions=None,%20text='%EF%BF%BC%EF%BF%BCoi,minha%20vida',%20reply=None,%20link=None,%20animated_media=None,%20media=None,%20visual_media=None,%20media_share=None,%20reel_share=None,%20story_share=None,%20felix_share=None,%20xma_share=None,%20clip=None,%20placeholder=None,%20client_context='7337530331035885339')%5D%20users=%5BUserShort(pk='65940356856',%20username='vitoria.ds0',%20full_name='vit%C3%B3ria%E2%9C%A8',%20profile_pic_url=HttpUrl('https://scontent.cdninstagram.com/v/t51.75761-19/495451317_17895578352196857_5294025445744940383_n.jpg?stp=dst-jpg_s206x206_tt6&_nc_cat=106&ccb=1-7&_nc_sid=bf7eb4&_nc_ohc=4_nNABQJO-8Q7kNvwG6iFyx&_nc_oc=AdnbdUwUxPE7wptZ5lyE4mUKR31kkKu5kM12HbICFLWt6y6gvKgc_5iIIrNq5Sbnw6vp0Juy7mPdd_tfZ5O8_TZl&_nc_ad=z-m&_nc_cid=0&_nc_zt=24&_nc_ht=scontent.cdninstagram.com&_nc_gid=onJoOFIMzdiQyv91_HK0PA&oh=00_AfOQ7N6FGbzkaAlF4cWPQLsNt0I3Q5osYDscPwoOFHnHjQ&oe=684B9FCC'),%20profile_pic_url_hd=None,%20is_private=True)%5D%20inviter=UserShort(pk='50284678103',%20username='jorge13.js',%20full_name='Jorge%20Guimar%C3%A3es%20Martins',%20profile_pic_url=HttpUrl('https://scontent.cdninstagram.com/v/t51.2885-19/480087656_1010235537586871_3433508268323770237_n.jpg?stp=dst-jpg_s206x206_tt6&_nc_cat=102&ccb=1-7&_nc_sid=bf7eb4&_nc_ohc=6HguXmPTPnsQ7kNvwGTbOoL&_nc_oc=Adn_Xnhpbknfi5wVc0JZDzlwBR1HPD86Kh-2pS8D6DjqvrROAZ8aZCjt9t5XdcCh5-lrdXyhbbltqcuRFjjEUutb&_nc_ad=z-m&_nc_cid=0&_nc_zt=24&_nc_ht=scontent.cdninstagram.com&oh=00_AfNX6RLfK5bhSOiUJvegBLQIWDJ-j2AO_KD-4wIlQe3shw&oe=684B9E3C'),%20profile_pic_url_hd=None,%20is_private=False)%20left_users=%5B%5D%20admin_user_ids=%5B%5D%20last_activity_at=datetime.datetime(2025,%206,%208,%2014,%2025,%2056)%20muted=False%20is_pin=False%20named=False%20canonical=True%20pending=False%20archived=False%20thread_type='private'%20thread_title='vit%C3%B3ria%E2%9C%A8'%20folder=0%20vc_muted=False%20is_group=False%20mentions_muted=False%20approval_required_for_new_members=False%20input_mode=0%20business_thread_folder=0%20read_state=1%20is_close_friend_thread=True%20assigned_admin_id=0%20shh_mode_enabled=False%20last_seen_at=%7B'50284678103':%20%7B'item_id':%20'32269081978114057512029812718305280',%20'timestamp':%20'1749310439239205',%20'created_at':%20'1749310439239205',%20'shh_seen_state':%20%7B%7D%7D%7D/&visual_message_return_type=unseen&direction=older&seq_id=40065&limit=20
